#
# A fatal error has been detected by the Java Runtime Environment:
#
#  SIGSEGV (0xb) at pc=0x00007fab9b4729f5, pid=3938, tid=0x00007fab9867b700
#
# JRE version: OpenJDK Runtime Environment (8.0_131-b11) (build 1.8.0_131-8u131-b11-2ubuntu1.16.04.3-b11)
# Java VM: OpenJDK 64-Bit Server VM (25.131-b11 mixed mode linux-amd64 compressed oops)
# Problematic frame:
# C  [libnvidia-opencl.so.1+0xbc9f5]
#
# Failed to write core dump. Core dumps have been disabled. To enable core dumping, try "ulimit -c unlimited" before starting Java again
#
# If you would like to submit a bug report, please visit:
#   http://bugreport.java.com/bugreport/crash.jsp
# The crash happened outside the Java Virtual Machine in native code.
# See problematic frame for where to report the bug.
#

---------------  T H R E A D  ---------------

Current thread (0x00007fac04d26000):  JavaThread "AWT-EventQueue-0" [_thread_in_native, id=3972, stack(0x00007fab9857b000,0x00007fab9867c000)]

siginfo: si_signo: 11 (SIGSEGV), si_code: 1 (SEGV_MAPERR), si_addr: 0x0000000000000008

Registers:
RAX=0x00007fac042acba0, RBX=0x00007fab986783f0, RCX=0x0000000000000000, RDX=0x00007fab7c015160
RSP=0x00007fab986783d0, RBP=0x00007fab986784a0, RSI=0x0000000000000000, RDI=0x00007fab7c91c710
R8 =0x0000000000000000, R9 =0x00007fab7c91c710, R10=0x00007fac042acb50, R11=0x00007fac042accd0
R12=0x0000000000000001, R13=0x00007fab7c0150c0, R14=0x0000000000000000, R15=0x00000000fffffffa
RIP=0x00007fab9b4729f5, EFLAGS=0x0000000000010206, CSGSFS=0x0000000000000033, ERR=0x0000000000000004
  TRAPNO=0x000000000000000e

Top of Stack: (sp=0x00007fab986783d0)
0x00007fab986783d0:   0000000000000000 00007fab7c015160
0x00007fab986783e0:   0000000000000000 00007fabc8105e57
0x00007fab986783f0:   00007fac042acba0 0000000000000001
0x00007fab98678400:   00007fab7c91c710 0000000000000000
0x00007fab98678410:   0000000000000000 0000000000000000
0x00007fab98678420:   0000000000000000 0000000000000000
0x00007fab98678430:   0000000000000000 0000000000000000
0x00007fab98678440:   0000000000000000 00007fab986785b8
0x00007fab98678450:   0000000000000001 00007fab7c015160
0x00007fab98678460:   0000000000000000 0000000000000001
0x00007fab98678470:   00007fac04d261e0 00007fabc81029c4
0x00007fab98678480:   000000076d269900 00007fab7c0150c0
0x00007fab98678490:   0000000000000000 00000001986784e0
0x00007fab986784a0:   00007fac00000000 de1bfd22dffdef00
0x00007fab986784b0:   0000000000000000 00000007c0066d38
0x00007fab986784c0:   0000000000000001 0000000000000001
0x00007fab986784d0:   00007fac04d26000 00007fac08791918
0x00007fab986784e0:   00007fab98678580 0000000000000000
0x00007fab986784f0:   00007fac08791918 00007fab986785c8
0x00007fab98678500:   00007fac04d26000 00007fabf5017774
0x00007fab98678510:   0000000000000000 00007fab986785a0
0x00007fab98678520:   0000000000000003 00000007c0066d38
0x00007fab98678530:   00007fac0d0259a9 000000076d2699e0
0x00007fab98678540:   00007fab98678540 0000000000000000
0x00007fab98678550:   00007fab986785c8 00007fac0879c988
0x00007fab98678560:   0000000000000000 00007fac08791918
0x00007fab98678570:   0000000000000000 00007fab986785a0
0x00007fab98678580:   00007fab98678610 00007fabf5007d80
0x00007fab98678590:   000000076d104438 00007fabf501127b
0x00007fab986785a0:   000000076d2699e0 0000000000000000
0x00007fab986785b0:   0000000000000000 000000076d2699c8
0x00007fab986785c0:   0000000000000001 000000076d269900 

Instructions: (pc=0x00007fab9b4729f5)
0x00007fab9b4729d5:   31 c9 45 31 c9 48 8b 40 40 48 89 07 48 8b 44 24
0x00007fab9b4729e5:   20 49 01 f9 48 85 c0 0f 84 7e 00 00 00 49 8b 31
0x00007fab9b4729f5:   48 39 46 08 0f 85 b7 00 00 00 83 c1 01 39 4c 24
0x00007fab9b472a05:   28 76 79 89 ce 85 c9 4c 8d 0c f5 00 00 00 00 4a 

Register to memory mapping:

RAX=0x00007fac042acba0 is an unknown value
RBX=0x00007fab986783f0 is pointing into the stack for thread: 0x00007fac04d26000
RCX=0x0000000000000000 is an unknown value
RDX=0x00007fab7c015160 is an unknown value
RSP=0x00007fab986783d0 is pointing into the stack for thread: 0x00007fac04d26000
RBP=0x00007fab986784a0 is pointing into the stack for thread: 0x00007fac04d26000
RSI=0x0000000000000000 is an unknown value
RDI=0x00007fab7c91c710 is an unknown value
R8 =0x0000000000000000 is an unknown value
R9 =0x00007fab7c91c710 is an unknown value
R10=0x00007fac042acb50 is an unknown value
R11=0x00007fac042accd0 is an unknown value
R12=0x0000000000000001 is an unknown value
R13=0x00007fab7c0150c0 is an unknown value
R14=0x0000000000000000 is an unknown value
R15=0x00000000fffffffa is an unknown value


Stack: [0x00007fab9857b000,0x00007fab9867c000],  sp=0x00007fab986783d0,  free space=1012k
Native frames: (J=compiled Java code, j=interpreted, Vv=VM code, C=native code)
C  [libnvidia-opencl.so.1+0xbc9f5]
C  0xde1bfd22dffdef00

Java frames: (J=compiled Java code, j=interpreted, Vv=VM code)
j  org.jocl.CL.clCreateContextNative(Lorg/jocl/cl_context_properties;I[Lorg/jocl/cl_device_id;Lorg/jocl/CreateContextFunction;Ljava/lang/Object;[I)Lorg/jocl/cl_context;+0
j  org.jocl.CL.clCreateContext(Lorg/jocl/cl_context_properties;I[Lorg/jocl/cl_device_id;Lorg/jocl/CreateContextFunction;Ljava/lang/Object;[I)Lorg/jocl/cl_context;+24
j  ohCrop.algorithms.ParallelSetUp.createContext()Lorg/jocl/cl_context;+35
j  ohCrop.algorithms.ParallelSetUp.<init>(Lorg/jocl/cl_device_id;)V+36
j  ohCrop.gui.EditorGUI$ActionEvents.actionPerformed(Ljava/awt/event/ActionEvent;)V+958
j  javax.swing.JComboBox.fireActionEvent()V+126
j  javax.swing.JComboBox.setSelectedItem(Ljava/lang/Object;)V+134
j  javax.swing.JComboBox.setSelectedIndex(I)V+76
j  javax.swing.plaf.basic.BasicComboPopup$Handler.mouseReleased(Ljava/awt/event/MouseEvent;)V+97
j  java.awt.AWTEventMulticaster.mouseReleased(Ljava/awt/event/MouseEvent;)V+21
j  java.awt.Component.processMouseEvent(Ljava/awt/event/MouseEvent;)V+64
j  javax.swing.JComponent.processMouseEvent(Ljava/awt/event/MouseEvent;)V+23
j  javax.swing.plaf.basic.BasicComboPopup$1.processMouseEvent(Ljava/awt/event/MouseEvent;)V+70
j  java.awt.Component.processEvent(Ljava/awt/AWTEvent;)V+81
j  java.awt.Container.processEvent(Ljava/awt/AWTEvent;)V+18
j  java.awt.Component.dispatchEventImpl(Ljava/awt/AWTEvent;)V+589
J 656 C1 java.awt.Container.dispatchEventImpl(Ljava/awt/AWTEvent;)V (129 bytes) @ 0x00007fabf526d1ec [0x00007fabf526d0a0+0x14c]
J 655 C1 java.awt.Component.dispatchEvent(Ljava/awt/AWTEvent;)V (6 bytes) @ 0x00007fabf526e184 [0x00007fabf526e080+0x104]
j  java.awt.LightweightDispatcher.retargetMouseEvent(Ljava/awt/Component;ILjava/awt/event/MouseEvent;)V+327
j  java.awt.LightweightDispatcher.processMouseEvent(Ljava/awt/event/MouseEvent;)Z+155
j  java.awt.LightweightDispatcher.dispatchEvent(Ljava/awt/AWTEvent;)Z+50
J 656 C1 java.awt.Container.dispatchEventImpl(Ljava/awt/AWTEvent;)V (129 bytes) @ 0x00007fabf526d18c [0x00007fabf526d0a0+0xec]
j  java.awt.Window.dispatchEventImpl(Ljava/awt/AWTEvent;)V+19
J 655 C1 java.awt.Component.dispatchEvent(Ljava/awt/AWTEvent;)V (6 bytes) @ 0x00007fabf526e184 [0x00007fabf526e080+0x104]
j  java.awt.EventQueue.dispatchEventImpl(Ljava/awt/AWTEvent;Ljava/lang/Object;)V+41
j  java.awt.EventQueue.access$500(Ljava/awt/EventQueue;Ljava/awt/AWTEvent;Ljava/lang/Object;)V+3
j  java.awt.EventQueue$3.run()Ljava/lang/Void;+32
j  java.awt.EventQueue$3.run()Ljava/lang/Object;+1
v  ~StubRoutines::call_stub
J 620  java.security.AccessController.doPrivileged(Ljava/security/PrivilegedAction;Ljava/security/AccessControlContext;)Ljava/lang/Object; (0 bytes) @ 0x00007fabf525d2a3 [0x00007fabf525d240+0x63]
J 799 C1 java.awt.EventQueue$4.run()Ljava/lang/Object; (5 bytes) @ 0x00007fabf52dcfac [0x00007fabf52dcb80+0x42c]
v  ~StubRoutines::call_stub
J 620  java.security.AccessController.doPrivileged(Ljava/security/PrivilegedAction;Ljava/security/AccessControlContext;)Ljava/lang/Object; (0 bytes) @ 0x00007fabf525d2a3 [0x00007fabf525d240+0x63]
J 761 C1 java.awt.EventQueue.dispatchEvent(Ljava/awt/AWTEvent;)V (80 bytes) @ 0x00007fabf52a6474 [0x00007fabf52a55c0+0xeb4]
J 765 C1 java.awt.EventDispatchThread.pumpOneEventForFilters(I)V (295 bytes) @ 0x00007fabf52a91fc [0x00007fabf52a7680+0x1b7c]
j  java.awt.EventDispatchThread.pumpEventsForFilter(ILjava/awt/Conditional;Ljava/awt/EventFilter;)V+35
j  java.awt.EventDispatchThread.pumpEventsForHierarchy(ILjava/awt/Conditional;Ljava/awt/Component;)V+11
j  java.awt.EventDispatchThread.pumpEvents(ILjava/awt/Conditional;)V+4
j  java.awt.EventDispatchThread.pumpEvents(Ljava/awt/Conditional;)V+3
j  java.awt.EventDispatchThread.run()V+9
v  ~StubRoutines::call_stub

---------------  P R O C E S S  ---------------

Java Threads: ( => current thread )
  0x00007fab7c01d800 JavaThread "TimerQueue" daemon [_thread_blocked, id=3974, stack(0x00007fab8e0d7000,0x00007fab8e1d8000)]
  0x00007fac0400a000 JavaThread "DestroyJavaVM" [_thread_blocked, id=3943, stack(0x00007fac0dd5e000,0x00007fac0de5f000)]
=>0x00007fac04d26000 JavaThread "AWT-EventQueue-0" [_thread_in_native, id=3972, stack(0x00007fab9857b000,0x00007fab9867c000)]
  0x00007fac04d24800 JavaThread "AWT-Shutdown" [_thread_blocked, id=3971, stack(0x00007fab9867c000,0x00007fab9877d000)]
  0x00007fac04241800 JavaThread "AWT-XAWT" daemon [_thread_in_native, id=3963, stack(0x00007fabe40da000,0x00007fabe41db000)]
  0x00007fac0421b800 JavaThread "Java2D Disposer" daemon [_thread_blocked, id=3962, stack(0x00007fabe45eb000,0x00007fabe46ec000)]
  0x00007fac040cc000 JavaThread "Service Thread" daemon [_thread_blocked, id=3960, stack(0x00007fabe6611000,0x00007fabe6712000)]
  0x00007fac040bf800 JavaThread "C1 CompilerThread3" daemon [_thread_blocked, id=3959, stack(0x00007fabe6712000,0x00007fabe6813000)]
  0x00007fac040ba800 JavaThread "C2 CompilerThread2" daemon [_thread_blocked, id=3958, stack(0x00007fabe6813000,0x00007fabe6914000)]
  0x00007fac040b9000 JavaThread "C2 CompilerThread1" daemon [_thread_blocked, id=3957, stack(0x00007fabe6914000,0x00007fabe6a15000)]
  0x00007fac040b6000 JavaThread "C2 CompilerThread0" daemon [_thread_blocked, id=3956, stack(0x00007fabe6a15000,0x00007fabe6b16000)]
  0x00007fac040b4000 JavaThread "Signal Dispatcher" daemon [_thread_blocked, id=3955, stack(0x00007fabe6b16000,0x00007fabe6c17000)]
  0x00007fac0408b800 JavaThread "Finalizer" daemon [_thread_blocked, id=3954, stack(0x00007fabe6eef000,0x00007fabe6ff0000)]
  0x00007fac04087000 JavaThread "Reference Handler" daemon [_thread_blocked, id=3953, stack(0x00007fabe6ff0000,0x00007fabe70f1000)]

Other Threads:
  0x00007fac0407f800 VMThread [stack: 0x00007fabe70f1000,0x00007fabe71f2000] [id=3952]
  0x00007fac040ce800 WatcherThread [stack: 0x00007fabe6510000,0x00007fabe6611000] [id=3961]

VM state:not at safepoint (normal execution)

VM Mutex/Monitor currently owned by a thread: None

Heap:
 PSYoungGen      total 74752K, used 14688K [0x000000076cb80000, 0x0000000771e80000, 0x00000007c0000000)
  eden space 64512K, 22% used [0x000000076cb80000,0x000000076d9d8080,0x0000000770a80000)
  from space 10240K, 0% used [0x0000000771480000,0x0000000771480000,0x0000000771e80000)
  to   space 10240K, 0% used [0x0000000770a80000,0x0000000770a80000,0x0000000771480000)
 ParOldGen       total 171008K, used 0K [0x00000006c6200000, 0x00000006d0900000, 0x000000076cb80000)
  object space 171008K, 0% used [0x00000006c6200000,0x00000006c6200000,0x00000006d0900000)
 Metaspace       used 13255K, capacity 13424K, committed 13568K, reserved 1060864K
  class space    used 1626K, capacity 1702K, committed 1792K, reserved 1048576K

Card table byte_map: [0x00007fac09e22000,0x00007fac0a5f2000] byte_map_base: 0x00007fac067f1000

Marking Bits: (ParMarkBitMap*) 0x00007fac0d02f2c0
 Begin Bits: [0x00007fabc8310000, 0x00007fabcc188000)
 End Bits:   [0x00007fabcc188000, 0x00007fabd0000000)

Polling page: 0x00007fac0de82000

CodeCache: size=245760Kb used=2936Kb max_used=2936Kb free=242823Kb
 bounds [0x00007fabf5000000, 0x00007fabf52e0000, 0x00007fac04000000]
 total_blobs=1386 nmethods=808 adapters=493
 compilation: enabled

Compilation events (10 events):
Event: 4.243 Thread 0x00007fac040bf800 nmethod 803 0x00007fabf52d9690 code [0x00007fabf52d98c0, 0x00007fabf52da3d8]
Event: 4.243 Thread 0x00007fac040bf800  802       3       java.awt.AWTEvent$1::setSystemGenerated (7 bytes)
Event: 4.243 Thread 0x00007fac040bf800 nmethod 802 0x00007fabf52d91d0 code [0x00007fabf52d9340, 0x00007fabf52d94f0]
Event: 4.377 Thread 0x00007fac040bf800  804       3       sun.awt.AWTAccessor::getSequencedEventAccessor (4 bytes)
Event: 4.377 Thread 0x00007fac040bf800 nmethod 804 0x00007fabf52dbf50 code [0x00007fabf52dc0a0, 0x00007fabf52dc1f0]
Event: 4.377 Thread 0x00007fac040bf800  805   !   3       sun.awt.PostEventQueue::postEvent (81 bytes)
Event: 4.379 Thread 0x00007fac040bf800 nmethod 805 0x00007fabf52dd6d0 code [0x00007fabf52dd8c0, 0x00007fabf52de258]
Event: 4.481 Thread 0x00007fac040bf800  807       3       java.awt.Rectangle::<init> (9 bytes)
Event: 4.482 Thread 0x00007fac040bf800 nmethod 807 0x00007fabf52de6d0 code [0x00007fabf52de840, 0x00007fabf52deb30]
Event: 4.482 Thread 0x00007fac040bf800  806       3       java.awt.Toolkit::enabledOnToolkit (16 bytes)

GC Heap History (0 events):
No events

Deoptimization events (4 events):
Event: 1.648 Thread 0x00007fac04d26000 Uncommon trap: reason=class_check action=maybe_recompile pc=0x00007fabf516421c method=java.lang.String.equals(Ljava/lang/Object;)Z @ 8
Event: 1.648 Thread 0x00007fac04d26000 Uncommon trap: reason=class_check action=maybe_recompile pc=0x00007fabf516421c method=java.lang.String.equals(Ljava/lang/Object;)Z @ 8
Event: 3.796 Thread 0x00007fac04d26000 Uncommon trap: reason=class_check action=maybe_recompile pc=0x00007fabf516421c method=java.lang.String.equals(Ljava/lang/Object;)Z @ 8
Event: 3.796 Thread 0x00007fac04d26000 Uncommon trap: reason=class_check action=maybe_recompile pc=0x00007fabf516421c method=java.lang.String.equals(Ljava/lang/Object;)Z @ 8

Internal exceptions (10 events):
Event: 0.044 Thread 0x00007fac0400a000 Exception <a 'java/security/PrivilegedActionException'> (0x000000076cc06f58) thrown at [/build/openjdk-8-pZyJp3/openjdk-8-8u131-b11/src/hotspot/src/share/vm/prims/jvm.cpp, line 1390]
Event: 0.044 Thread 0x00007fac0400a000 Exception <a 'java/security/PrivilegedActionException'> (0x000000076cc07168) thrown at [/build/openjdk-8-pZyJp3/openjdk-8-8u131-b11/src/hotspot/src/share/vm/prims/jvm.cpp, line 1390]
Event: 0.044 Thread 0x00007fac0400a000 Exception <a 'java/security/PrivilegedActionException'> (0x000000076cc07c40) thrown at [/build/openjdk-8-pZyJp3/openjdk-8-8u131-b11/src/hotspot/src/share/vm/prims/jvm.cpp, line 1390]
Event: 0.044 Thread 0x00007fac0400a000 Exception <a 'java/security/PrivilegedActionException'> (0x000000076cc07e50) thrown at [/build/openjdk-8-pZyJp3/openjdk-8-8u131-b11/src/hotspot/src/share/vm/prims/jvm.cpp, line 1390]
Event: 0.067 Thread 0x00007fac0400a000 Exception <a 'java/lang/NoSuchFieldError': method resolution failed> (0x000000076ce18430) thrown at [/build/openjdk-8-pZyJp3/openjdk-8-8u131-b11/src/hotspot/src/share/vm/prims/methodHandles.cpp, line 1146]
Event: 0.068 Thread 0x00007fac0400a000 Exception <a 'java/lang/NoSuchFieldError': method resolution failed> (0x000000076ce25c30) thrown at [/build/openjdk-8-pZyJp3/openjdk-8-8u131-b11/src/hotspot/src/share/vm/prims/methodHandles.cpp, line 1146]
Event: 0.078 Thread 0x00007fac0400a000 Exception <a 'java/io/FileNotFoundException'> (0x000000076cea5870) thrown at [/build/openjdk-8-pZyJp3/openjdk-8-8u131-b11/src/hotspot/src/share/vm/prims/jni.cpp, line 709]
Event: 0.078 Thread 0x00007fac0400a000 Exception <a 'java/io/FileNotFoundException'> (0x000000076cea62b0) thrown at [/build/openjdk-8-pZyJp3/openjdk-8-8u131-b11/src/hotspot/src/share/vm/prims/jni.cpp, line 709]
Event: 0.086 Thread 0x00007fac0400a000 Exception <a 'java/lang/ClassNotFoundException': sun/dc/DuctusRenderingEngine> (0x000000076cec4a20) thrown at [/build/openjdk-8-pZyJp3/openjdk-8-8u131-b11/src/hotspot/src/share/vm/classfile/systemDictionary.cpp, line 210]
Event: 0.394 Thread 0x00007fac04d26000 Exception <a 'java/lang/UnsupportedOperationException': > (0x000000076d210818) thrown at [/build/openjdk-8-pZyJp3/openjdk-8-8u131-b11/src/hotspot/src/share/vm/prims/jni.cpp, line 735]

Events (10 events):
Event: 3.314 loading class java/awt/Scrollbar
Event: 3.314 loading class java/awt/Scrollbar done
Event: 3.796 Thread 0x00007fac04d26000 Uncommon trap: trap_request=0xffffffde fr.pc=0x00007fabf516421c
Event: 3.796 Thread 0x00007fac04d26000 DEOPT PACKING pc=0x00007fabf516421c sp=0x00007fab98678400
Event: 3.796 Thread 0x00007fac04d26000 DEOPT UNPACKING pc=0x00007fabf5004f69 sp=0x00007fab986783b0 mode 2
Event: 3.796 Thread 0x00007fac04d26000 Uncommon trap: trap_request=0xffffffde fr.pc=0x00007fabf516421c
Event: 3.796 Thread 0x00007fac04d26000 DEOPT PACKING pc=0x00007fabf516421c sp=0x00007fab98678400
Event: 3.796 Thread 0x00007fac04d26000 DEOPT UNPACKING pc=0x00007fabf5004f69 sp=0x00007fab986783b0 mode 2
Event: 4.037 Executing VM operation: EnableBiasedLocking
Event: 4.038 Executing VM operation: EnableBiasedLocking done


Dynamic libraries:
00400000-00401000 r-xp 00000000 08:01 1475821                            /usr/lib/jvm/java-8-openjdk-amd64/jre/bin/java
00600000-00601000 r--p 00000000 08:01 1475821                            /usr/lib/jvm/java-8-openjdk-amd64/jre/bin/java
00601000-00602000 rw-p 00001000 08:01 1475821                            /usr/lib/jvm/java-8-openjdk-amd64/jre/bin/java
016be000-016df000 rw-p 00000000 00:00 0                                  [heap]
200000000-400000000 ---p 00000000 00:00 0 
6c6200000-6d0900000 rw-p 00000000 00:00 0 
6d0900000-76cb80000 ---p 00000000 00:00 0 
76cb80000-771e80000 rw-p 00000000 00:00 0 
771e80000-7c0000000 ---p 00000000 00:00 0 
7c0000000-7c01c0000 rw-p 00000000 00:00 0 
7c01c0000-800000000 ---p 00000000 00:00 0 
800000000-800100000 rw-s 29bdfb000 00:06 544                             /dev/nvidiactl
800100000-800104000 rw-s 40483d000 00:06 544                             /dev/nvidiactl
800104000-800120000 ---p 00000000 00:00 0 
800120000-800520000 rw-s 417a91000 00:06 544                             /dev/nvidiactl
800520000-800524000 rw-s 81c9e000 00:06 544                              /dev/nvidiactl
800524000-800540000 ---p 00000000 00:00 0 
800540000-800940000 rw-s 82562000 00:06 544                              /dev/nvidiactl
800940000-800944000 rw-s 29938a000 00:06 544                             /dev/nvidiactl
800944000-800960000 ---p 00000000 00:00 0 
800960000-800d60000 rw-s 29938e000 00:06 544                             /dev/nvidiactl
800d60000-800d64000 rw-s 404049000 00:06 544                             /dev/nvidiactl
800d64000-800d80000 ---p 00000000 00:00 0 
800d80000-801180000 rw-s 294122000 00:06 544                             /dev/nvidiactl
801180000-801184000 rw-s 4049bb000 00:06 544                             /dev/nvidiactl
801184000-8011a0000 ---p 00000000 00:00 0 
8011a0000-8015a0000 rw-s 404897000 00:06 544                             /dev/nvidiactl
8015a0000-8015a4000 rw-s 6fbbb000 00:06 544                              /dev/nvidiactl
8015a4000-8015c0000 ---p 00000000 00:00 0 
8015c0000-8019c0000 rw-s 38da7000 00:06 544                              /dev/nvidiactl
8019c0000-8019c4000 rw-s 3f4cf3000 00:06 544                             /dev/nvidiactl
8019c4000-8019e0000 ---p 00000000 00:00 0 
8019e0000-801de0000 rw-s 28dc37000 00:06 544                             /dev/nvidiactl
801de0000-801de4000 rw-s 30260a000 00:06 544                             /dev/nvidiactl
801de4000-801e00000 ---p 00000000 00:00 0 
801e00000-802200000 rw-s 296656000 00:06 544                             /dev/nvidiactl
802200000-802204000 rw-s 4168ac000 00:06 544                             /dev/nvidiactl
802204000-802220000 ---p 00000000 00:00 0 
802220000-802620000 rw-s 286e0b000 00:06 544                             /dev/nvidiactl
802620000-802624000 rw-s 378cd000 00:06 544                              /dev/nvidiactl
802624000-802640000 ---p 00000000 00:00 0 
802640000-802a40000 rw-s 3a729000 00:06 544                              /dev/nvidiactl
802a40000-802a44000 rw-s 3f5297000 00:06 544                             /dev/nvidiactl
802a44000-802a60000 ---p 00000000 00:00 0 
802a60000-802e60000 rw-s 3e62a3000 00:06 544                             /dev/nvidiactl
802e60000-802e64000 rw-s 45d7d9000 00:06 544                             /dev/nvidiactl
802e64000-802e80000 ---p 00000000 00:00 0 
802e80000-803280000 rw-s 2f518d000 00:06 544                             /dev/nvidiactl
803280000-803380000 rw-s 294b35000 00:06 544                             /dev/nvidiactl
803380000-803480000 rw-s 28eac1000 00:06 544                             /dev/nvidiactl
803480000-803580000 rw-s 29b06c000 00:06 544                             /dev/nvidiactl
803580000-803680000 rw-s 7147a000 00:06 544                              /dev/nvidiactl
803680000-803780000 rw-s 3a64d000 00:06 544                              /dev/nvidiactl
803780000-803860000 rw-s 3f65d2000 00:06 544                             /dev/nvidiactl
803860000-803960000 rw-s 416ad6000 00:06 544                             /dev/nvidiactl
803960000-803964000 rw-s 295859000 00:06 544                             /dev/nvidiactl
803964000-803980000 ---p 00000000 00:00 0 
803980000-803d80000 rw-s 28e907000 00:06 544                             /dev/nvidiactl
803d80000-803d84000 rw-s 4222ed000 00:06 544                             /dev/nvidiactl
803d84000-803da0000 ---p 00000000 00:00 0 
803da0000-8041a0000 rw-s 45bdd2000 00:06 544                             /dev/nvidiactl
8041a0000-8041a4000 rw-s 295841000 00:06 544                             /dev/nvidiactl
8041a4000-8041c0000 ---p 00000000 00:00 0 
8041c0000-8045c0000 rw-s 45bdc1000 00:06 544                             /dev/nvidiactl
8045c0000-8045c4000 rw-s 294712000 00:06 544                             /dev/nvidiactl
8045c4000-8045e0000 ---p 00000000 00:00 0 
8045e0000-8049e0000 rw-s 29471e000 00:06 544                             /dev/nvidiactl
8049e0000-8049e4000 rw-s 29ac49000 00:06 544                             /dev/nvidiactl
8049e4000-804a00000 ---p 00000000 00:00 0 
804a00000-804e00000 rw-s 29ac55000 00:06 544                             /dev/nvidiactl
804e00000-804e04000 rw-s 2f6e45000 00:06 544                             /dev/nvidiactl
804e04000-804e20000 ---p 00000000 00:00 0 
804e20000-805220000 rw-s 2f6e52000 00:06 544                             /dev/nvidiactl
805220000-805224000 rw-s 29bb61000 00:06 544                             /dev/nvidiactl
805224000-805240000 ---p 00000000 00:00 0 
805240000-805640000 rw-s 29bb71000 00:06 544                             /dev/nvidiactl
805640000-805644000 rw-s 3e6134000 00:06 544                             /dev/nvidiactl
805644000-805660000 ---p 00000000 00:00 0 
805660000-805a60000 rw-s 285e00000 00:06 544                             /dev/nvidiactl
805a60000-805a64000 rw-s 71749000 00:06 544                              /dev/nvidiactl
805a64000-805a80000 ---p 00000000 00:00 0 
805a80000-805e80000 rw-s 3af95000 00:06 544                              /dev/nvidiactl
805e80000-805e84000 rw-s 285e88000 00:06 544                             /dev/nvidiactl
805e84000-805ea0000 ---p 00000000 00:00 0 
805ea0000-8062a0000 rw-s 285e94000 00:06 544                             /dev/nvidiactl
8062a0000-8062a4000 rw-s 3d82df000 00:06 544                             /dev/nvidiactl
8062a4000-8062c0000 ---p 00000000 00:00 0 
8062c0000-8066c0000 rw-s 3d82f3000 00:06 544                             /dev/nvidiactl
8066c0000-8066c4000 rw-s 299cf6000 00:06 544                             /dev/nvidiactl
8066c4000-8066e0000 ---p 00000000 00:00 0 
8066e0000-806ae0000 rw-s 29584d000 00:06 544                             /dev/nvidiactl
806ae0000-806be0000 rw-s 37a6c000 00:06 544                              /dev/nvidiactl
806be0000-806ce0000 rw-s 3a42e000 00:06 544                              /dev/nvidiactl
806ce0000-806de0000 rw-s 287ff8000 00:06 544                             /dev/nvidiactl
806de0000-806ee0000 rw-s 293d7e000 00:06 544                             /dev/nvidiactl
806ee0000-806fe0000 rw-s 293ec1000 00:06 544                             /dev/nvidiactl
806fe0000-8070c0000 rw-s 295f00000 00:06 544                             /dev/nvidiactl
8070c0000-d00000000 ---p 00000000 00:00 0 
7fab6effe000-7fab6efff000 ---p 00000000 00:00 0 
7fab6efff000-7fab6f7ff000 rw-p 00000000 00:00 0 
7fab6f7ff000-7fab6f800000 ---p 00000000 00:00 0 
7fab6f800000-7fab70000000 rw-p 00000000 00:00 0 
7fab70000000-7fab70021000 rw-p 00000000 00:00 0 
7fab70021000-7fab74000000 ---p 00000000 00:00 0 
7fab74000000-7fab74021000 rw-p 00000000 00:00 0 
7fab74021000-7fab78000000 ---p 00000000 00:00 0 
7fab78000000-7fab78021000 rw-p 00000000 00:00 0 
7fab78021000-7fab7c000000 ---p 00000000 00:00 0 
7fab7c000000-7fab7caff000 rw-p 00000000 00:00 0 
7fab7caff000-7fab80000000 ---p 00000000 00:00 0 
7fab807fe000-7fab807ff000 ---p 00000000 00:00 0 
7fab807ff000-7fab84000000 rw-p 00000000 00:00 0 
7fab84000000-7fab84021000 rw-p 00000000 00:00 0 
7fab84021000-7fab88000000 ---p 00000000 00:00 0 
7fab88000000-7fab88021000 rw-p 00000000 00:00 0 
7fab88021000-7fab8c000000 ---p 00000000 00:00 0 
7fab8c0d3000-7fab8c0d4000 ---p 00000000 00:00 0 
7fab8c0d4000-7fab8c8d4000 rw-p 00000000 00:00 0 
7fab8c8d4000-7fab8c8d5000 ---p 00000000 00:00 0 
7fab8c8d5000-7fab8d0d5000 rw-p 00000000 00:00 0 
7fab8d0d5000-7fab8d0d6000 ---p 00000000 00:00 0 
7fab8d0d6000-7fab8d8d6000 rw-p 00000000 00:00 0 
7fab8d8d6000-7fab8d8d7000 ---p 00000000 00:00 0 
7fab8d8d7000-7fab8e0d7000 rw-p 00000000 00:00 0 
7fab8e0d7000-7fab8e0da000 ---p 00000000 00:00 0 
7fab8e0da000-7fab8e358000 rw-p 00000000 00:00 0 
7fab8e358000-7fab8e3d8000 ---p 00000000 00:00 0 
7fab8e3d8000-7fab8e3e9000 r-xp 00000000 08:01 1448242                    /usr/lib/jvm/java-8-openjdk-amd64/jre/lib/amd64/libnio.so
7fab8e3e9000-7fab8e5e9000 ---p 00011000 08:01 1448242                    /usr/lib/jvm/java-8-openjdk-amd64/jre/lib/amd64/libnio.so
7fab8e5e9000-7fab8e5ea000 r--p 00011000 08:01 1448242                    /usr/lib/jvm/java-8-openjdk-amd64/jre/lib/amd64/libnio.so
7fab8e5ea000-7fab8e5eb000 rw-p 00012000 08:01 1448242                    /usr/lib/jvm/java-8-openjdk-amd64/jre/lib/amd64/libnio.so
7fab8e5eb000-7fab8e5f6000 r-xp 00000000 08:01 924246                     /lib/x86_64-linux-gnu/libnss_files-2.23.so
7fab8e5f6000-7fab8e7f5000 ---p 0000b000 08:01 924246                     /lib/x86_64-linux-gnu/libnss_files-2.23.so
7fab8e7f5000-7fab8e7f6000 r--p 0000a000 08:01 924246                     /lib/x86_64-linux-gnu/libnss_files-2.23.so
7fab8e7f6000-7fab8e7f7000 rw-p 0000b000 08:01 924246                     /lib/x86_64-linux-gnu/libnss_files-2.23.so
7fab8e7f7000-7fab8e7fd000 rw-p 00000000 00:00 0 
7fab8e7fd000-7fab8e7fe000 ---p 00000000 00:00 0 
7fab8e7fe000-7fab8effe000 rw-p 00000000 00:00 0 
7fab8effe000-7fab8efff000 ---p 00000000 00:00 0 
7fab8efff000-7fab8f7ff000 rw-p 00000000 00:00 0 
7fab8f7ff000-7fab8f800000 ---p 00000000 00:00 0 
7fab8f800000-7fab90000000 rw-p 00000000 00:00 0 
7fab90000000-7fab90021000 rw-p 00000000 00:00 0 
7fab90021000-7fab94000000 ---p 00000000 00:00 0 
7fab94000000-7fab94021000 rw-p 00000000 00:00 0 
7fab94021000-7fab98000000 ---p 00000000 00:00 0 
7fab98063000-7fab98163000 rw-s 00000000 00:05 68157467                   /SYSV00000000 (deleted)
7fab98163000-7fab9817a000 r-xp 00000000 08:01 1453372                    /usr/lib/jvm/java-8-openjdk-amd64/jre/lib/amd64/libnet.so
7fab9817a000-7fab98379000 ---p 00017000 08:01 1453372                    /usr/lib/jvm/java-8-openjdk-amd64/jre/lib/amd64/libnet.so
7fab98379000-7fab9837a000 r--p 00016000 08:01 1453372                    /usr/lib/jvm/java-8-openjdk-amd64/jre/lib/amd64/libnet.so
7fab9837a000-7fab9837b000 rw-p 00017000 08:01 1453372                    /usr/lib/jvm/java-8-openjdk-amd64/jre/lib/amd64/libnet.so
7fab9837b000-7fab9857b000 rw-p 00000000 00:00 0 
7fab9857b000-7fab9857e000 ---p 00000000 00:00 0 
7fab9857e000-7fab9867c000 rw-p 00000000 00:00 0 
7fab9867c000-7fab9867f000 ---p 00000000 00:00 0 
7fab9867f000-7fab9877d000 rw-p 00000000 00:00 0 
7fab9877d000-7fab9877e000 ---p 00000000 00:00 0 
7fab9877e000-7fab98f7e000 rw-p 00000000 00:00 0 
7fab98f7e000-7fab98f7f000 ---p 00000000 00:00 0 
7fab98f7f000-7fab9977f000 rw-p 00000000 00:00 0 
7fab9977f000-7fab99780000 ---p 00000000 00:00 0 
7fab99780000-7fab99f80000 rw-p 00000000 00:00 0 
7fab99f80000-7fab99f81000 ---p 00000000 00:00 0 
7fab99f81000-7fab9a781000 rw-p 00000000 00:00 0 
7fab9a781000-7fab9ae43000 r-xp 00000000 08:01 265710                     /usr/lib/x86_64-linux-gnu/libcuda.so.375.66
7fab9ae43000-7fab9b042000 ---p 006c2000 08:01 265710                     /usr/lib/x86_64-linux-gnu/libcuda.so.375.66
7fab9b042000-7fab9b15d000 rw-p 006c1000 08:01 265710                     /usr/lib/x86_64-linux-gnu/libcuda.so.375.66
7fab9b15d000-7fab9b16a000 rw-p 00000000 00:00 0 
7fab9b16a000-7fab9b1ac000 r-xp 00000000 08:01 2106597                    /usr/lib/nvidia-375/libnvidia-fatbinaryloader.so.375.66
7fab9b1ac000-7fab9b3ab000 ---p 00042000 08:01 2106597                    /usr/lib/nvidia-375/libnvidia-fatbinaryloader.so.375.66
7fab9b3ab000-7fab9b3b5000 rw-p 00041000 08:01 2106597                    /usr/lib/nvidia-375/libnvidia-fatbinaryloader.so.375.66
7fab9b3b5000-7fab9b3b6000 rw-p 00000000 00:00 0 
7fab9b3b6000-7fab9bac9000 r-xp 00000000 08:01 267351                     /usr/lib/x86_64-linux-gnu/libnvidia-opencl.so.375.66
7fab9bac9000-7fab9bcc8000 ---p 00713000 08:01 267351                     /usr/lib/x86_64-linux-gnu/libnvidia-opencl.so.375.66
7fab9bcc8000-7fab9bde8000 rw-p 00712000 08:01 267351                     /usr/lib/x86_64-linux-gnu/libnvidia-opencl.so.375.66
7fab9bde8000-7fab9bdf5000 rw-p 00000000 00:00 0 
7fab9bdf5000-7fab9bdfe000 r-xp 00000000 08:01 268581                     /usr/lib/x86_64-linux-gnu/libOpenCL.so.1.0.0
7fab9bdfe000-7fab9bffe000 ---p 00009000 08:01 268581                     /usr/lib/x86_64-linux-gnu/libOpenCL.so.1.0.0
7fab9bffe000-7fab9bfff000 r--p 00009000 08:01 268581                     /usr/lib/x86_64-linux-gnu/libOpenCL.so.1.0.0
7fab9bfff000-7fab9c000000 rw-p 0000a000 08:01 268581                     /usr/lib/x86_64-linux-gnu/libOpenCL.so.1.0.0
7fab9c000000-7fab9c021000 rw-p 00000000 00:00 0 
7fab9c021000-7faba0000000 ---p 00000000 00:00 0 
7faba0000000-7faba0021000 rw-p 00000000 00:00 0 
7faba0021000-7faba4000000 ---p 00000000 00:00 0 
7faba4000000-7faba4657000 rw-p 00000000 00:00 0 
7faba4657000-7faba8000000 ---p 00000000 00:00 0 
7faba8000000-7faba8021000 rw-p 00000000 00:00 0 
7faba8021000-7fabac000000 ---p 00000000 00:00 0 
7fabac000000-7fabac046000 rw-p 00000000 00:00 0 
7fabac046000-7fabb0000000 ---p 00000000 00:00 0 
7fabb0000000-7fabb0028000 rw-p 00000000 00:00 0 
7fabb0028000-7fabb4000000 ---p 00000000 00:00 0 
7fabb4000000-7fabb4021000 rw-p 00000000 00:00 0 
7fabb4021000-7fabb8000000 ---p 00000000 00:00 0 
7fabb8000000-7fabb816b000 rw-p 00000000 00:00 0 
7fabb816b000-7fabbc000000 ---p 00000000 00:00 0 
7fabbc000000-7fabbc021000 rw-p 00000000 00:00 0 
7fabbc021000-7fabc0000000 ---p 00000000 00:00 0 
7fabc0000000-7fabc0021000 rw-p 00000000 00:00 0 
7fabc0021000-7fabc4000000 ---p 00000000 00:00 0 
7fabc4000000-7fabc4021000 rw-p 00000000 00:00 0 
7fabc4021000-7fabc8000000 ---p 00000000 00:00 0 
7fabc80f0000-7fabc810e000 r-xp 00000000 08:01 169898                     /tmp/libJOCL_0_1_9-linux-x86_64.so
7fabc810e000-7fabc830e000 ---p 0001e000 08:01 169898                     /tmp/libJOCL_0_1_9-linux-x86_64.so
7fabc830e000-7fabc830f000 r--p 0001e000 08:01 169898                     /tmp/libJOCL_0_1_9-linux-x86_64.so
7fabc830f000-7fabc8310000 rw-p 0001f000 08:01 169898                     /tmp/libJOCL_0_1_9-linux-x86_64.so
7fabc8310000-7fabd0000000 rw-p 00000000 00:00 0 
7fabd0000000-7fabd0021000 rw-p 00000000 00:00 0 
7fabd0021000-7fabd4000000 ---p 00000000 00:00 0 
7fabd4000000-7fabd4021000 rw-p 00000000 00:00 0 
7fabd4021000-7fabd8000000 ---p 00000000 00:00 0 
7fabd8000000-7fabd8021000 rw-p 00000000 00:00 0 
7fabd8021000-7fabdc000000 ---p 00000000 00:00 0 
7fabdc000000-7fabdc021000 rw-p 00000000 00:00 0 
7fabdc021000-7fabe0000000 ---p 00000000 00:00 0 
7fabe0000000-7fabe0021000 rw-p 00000000 00:00 0 
7fabe0021000-7fabe4000000 ---p 00000000 00:00 0 
7fabe4052000-7fabe40da000 rw-p 00000000 00:00 0 
7fabe40da000-7fabe40dd000 ---p 00000000 00:00 0 
7fabe40dd000-7fabe41db000 rw-p 00000000 00:00 0 
7fabe41db000-7fabe41e0000 r-xp 00000000 08:01 273145                     /usr/lib/x86_64-linux-gnu/libXfixes.so.3.1.0
7fabe41e0000-7fabe43df000 ---p 00005000 08:01 273145                     /usr/lib/x86_64-linux-gnu/libXfixes.so.3.1.0
7fabe43df000-7fabe43e0000 r--p 00004000 08:01 273145                     /usr/lib/x86_64-linux-gnu/libXfixes.so.3.1.0
7fabe43e0000-7fabe43e1000 rw-p 00005000 08:01 273145                     /usr/lib/x86_64-linux-gnu/libXfixes.so.3.1.0
7fabe43e1000-7fabe43ea000 r-xp 00000000 08:01 273137                     /usr/lib/x86_64-linux-gnu/libXcursor.so.1.0.2
7fabe43ea000-7fabe45e9000 ---p 00009000 08:01 273137                     /usr/lib/x86_64-linux-gnu/libXcursor.so.1.0.2
7fabe45e9000-7fabe45ea000 r--p 00008000 08:01 273137                     /usr/lib/x86_64-linux-gnu/libXcursor.so.1.0.2
7fabe45ea000-7fabe45eb000 rw-p 00009000 08:01 273137                     /usr/lib/x86_64-linux-gnu/libXcursor.so.1.0.2
7fabe45eb000-7fabe45ee000 ---p 00000000 00:00 0 
7fabe45ee000-7fabe46ec000 rw-p 00000000 00:00 0 
7fabe46ec000-7fabe4710000 r-xp 00000000 08:01 922807                     /lib/x86_64-linux-gnu/libpng12.so.0.54.0
7fabe4710000-7fabe490f000 ---p 00024000 08:01 922807                     /lib/x86_64-linux-gnu/libpng12.so.0.54.0
7fabe490f000-7fabe4910000 r--p 00023000 08:01 922807                     /lib/x86_64-linux-gnu/libpng12.so.0.54.0
7fabe4910000-7fabe4911000 rw-p 00024000 08:01 922807                     /lib/x86_64-linux-gnu/libpng12.so.0.54.0
7fabe4911000-7fabe49b5000 r-xp 00000000 08:01 262345                     /usr/lib/x86_64-linux-gnu/libfreetype.so.6.12.1
7fabe49b5000-7fabe4bb4000 ---p 000a4000 08:01 262345                     /usr/lib/x86_64-linux-gnu/libfreetype.so.6.12.1
7fabe4bb4000-7fabe4bba000 r--p 000a3000 08:01 262345                     /usr/lib/x86_64-linux-gnu/libfreetype.so.6.12.1
7fabe4bba000-7fabe4bbb000 rw-p 000a9000 08:01 262345                     /usr/lib/x86_64-linux-gnu/libfreetype.so.6.12.1
7fabe4bca000-7fabe4bcb000 rw-s cfee6000 00:06 545                        /dev/nvidia0
7fabe4bcb000-7fabe4bcc000 rw-s 82612000 00:06 544                        /dev/nvidiactl
7fabe4bcc000-7fabe4bcd000 rw-s cfee6000 00:06 545                        /dev/nvidia0
7fabe4bcd000-7fabe4bce000 rw-s 299cf5000 00:06 544                       /dev/nvidiactl
7fabe4bce000-7fabe4bcf000 rw-s cfee6000 00:06 545                        /dev/nvidia0
7fabe4bcf000-7fabe4bd0000 rw-s 3d82de000 00:06 544                       /dev/nvidiactl
7fabe4bd0000-7fabe4bd1000 rw-s cfee6000 00:06 545                        /dev/nvidia0
7fabe4bd1000-7fabe4bd2000 rw-s 285e87000 00:06 544                       /dev/nvidiactl
7fabe4bd2000-7fabe4bd3000 rw-s cfee6000 00:06 545                        /dev/nvidia0
7fabe4bd3000-7fabe4bd4000 rw-s 2e0d4a000 00:06 544                       /dev/nvidiactl
7fabe4bd4000-7fabe4bd5000 rw-s cfee6000 00:06 545                        /dev/nvidia0
7fabe4bd5000-7fabe4bd6000 rw-s 3e6133000 00:06 544                       /dev/nvidiactl
7fabe4bd6000-7fabe4bd7000 rw-s cfee6000 00:06 545                        /dev/nvidia0
7fabe4bd7000-7fabe4bd8000 rw-s 29bb60000 00:06 544                       /dev/nvidiactl
7fabe4bd8000-7fabe4bd9000 rw-s cfee6000 00:06 545                        /dev/nvidia0
7fabe4bd9000-7fabe4bda000 rw-s 2f6e44000 00:06 544                       /dev/nvidiactl
7fabe4bda000-7fabe4c2c000 r-xp 00000000 08:01 1448241                    /usr/lib/jvm/java-8-openjdk-amd64/jre/lib/amd64/libfontmanager.so
7fabe4c2c000-7fabe4e2c000 ---p 00052000 08:01 1448241                    /usr/lib/jvm/java-8-openjdk-amd64/jre/lib/amd64/libfontmanager.so
7fabe4e2c000-7fabe4e2e000 r--p 00052000 08:01 1448241                    /usr/lib/jvm/java-8-openjdk-amd64/jre/lib/amd64/libfontmanager.so
7fabe4e2e000-7fabe4e2f000 rw-p 00054000 08:01 1448241                    /usr/lib/jvm/java-8-openjdk-amd64/jre/lib/amd64/libfontmanager.so
7fabe4e2f000-7fabe4e34000 r-xp 00000000 08:01 273141                     /usr/lib/x86_64-linux-gnu/libXdmcp.so.6.0.0
7fabe4e34000-7fabe5033000 ---p 00005000 08:01 273141                     /usr/lib/x86_64-linux-gnu/libXdmcp.so.6.0.0
7fabe5033000-7fabe5034000 r--p 00004000 08:01 273141                     /usr/lib/x86_64-linux-gnu/libXdmcp.so.6.0.0
7fabe5034000-7fabe5035000 rw-p 00005000 08:01 273141                     /usr/lib/x86_64-linux-gnu/libXdmcp.so.6.0.0
7fabe5035000-7fabe5037000 r-xp 00000000 08:01 273130                     /usr/lib/x86_64-linux-gnu/libXau.so.6.0.0
7fabe5037000-7fabe5237000 ---p 00002000 08:01 273130                     /usr/lib/x86_64-linux-gnu/libXau.so.6.0.0
7fabe5237000-7fabe5238000 r--p 00002000 08:01 273130                     /usr/lib/x86_64-linux-gnu/libXau.so.6.0.0
7fabe5238000-7fabe5239000 rw-p 00003000 08:01 273130                     /usr/lib/x86_64-linux-gnu/libXau.so.6.0.0
7fabe5239000-7fabe525a000 r-xp 00000000 08:01 274508                     /usr/lib/x86_64-linux-gnu/libxcb.so.1.1.0
7fabe525a000-7fabe5459000 ---p 00021000 08:01 274508                     /usr/lib/x86_64-linux-gnu/libxcb.so.1.1.0
7fabe5459000-7fabe545a000 r--p 00020000 08:01 274508                     /usr/lib/x86_64-linux-gnu/libxcb.so.1.1.0
7fabe545a000-7fabe545b000 rw-p 00021000 08:01 274508                     /usr/lib/x86_64-linux-gnu/libxcb.so.1.1.0
7fabe545b000-7fabe546a000 r-xp 00000000 08:01 273151                     /usr/lib/x86_64-linux-gnu/libXi.so.6.1.0
7fabe546a000-7fabe5669000 ---p 0000f000 08:01 273151                     /usr/lib/x86_64-linux-gnu/libXi.so.6.1.0
7fabe5669000-7fabe566a000 r--p 0000e000 08:01 273151                     /usr/lib/x86_64-linux-gnu/libXi.so.6.1.0
7fabe566a000-7fabe566b000 rw-p 0000f000 08:01 273151                     /usr/lib/x86_64-linux-gnu/libXi.so.6.1.0
7fabe566b000-7fabe5670000 r-xp 00000000 08:01 273169                     /usr/lib/x86_64-linux-gnu/libXtst.so.6.1.0
7fabe5670000-7fabe586f000 ---p 00005000 08:01 273169                     /usr/lib/x86_64-linux-gnu/libXtst.so.6.1.0
7fabe586f000-7fabe5870000 r--p 00004000 08:01 273169                     /usr/lib/x86_64-linux-gnu/libXtst.so.6.1.0
7fabe5870000-7fabe5871000 rw-p 00005000 08:01 273169                     /usr/lib/x86_64-linux-gnu/libXtst.so.6.1.0
7fabe5871000-7fabe587a000 r-xp 00000000 08:01 273163                     /usr/lib/x86_64-linux-gnu/libXrender.so.1.3.0
7fabe587a000-7fabe5a79000 ---p 00009000 08:01 273163                     /usr/lib/x86_64-linux-gnu/libXrender.so.1.3.0
7fabe5a79000-7fabe5a7a000 r--p 00008000 08:01 273163                     /usr/lib/x86_64-linux-gnu/libXrender.so.1.3.0
7fabe5a7a000-7fabe5a7b000 rw-p 00009000 08:01 273163                     /usr/lib/x86_64-linux-gnu/libXrender.so.1.3.0
7fabe5a7b000-7fabe5bb0000 r-xp 00000000 08:01 273126                     /usr/lib/x86_64-linux-gnu/libX11.so.6.3.0
7fabe5bb0000-7fabe5db0000 ---p 00135000 08:01 273126                     /usr/lib/x86_64-linux-gnu/libX11.so.6.3.0
7fabe5db0000-7fabe5db1000 r--p 00135000 08:01 273126                     /usr/lib/x86_64-linux-gnu/libX11.so.6.3.0
7fabe5db1000-7fabe5db5000 rw-p 00136000 08:01 273126                     /usr/lib/x86_64-linux-gnu/libX11.so.6.3.0
7fabe5db5000-7fabe5dc6000 r-xp 00000000 08:01 273143                     /usr/lib/x86_64-linux-gnu/libXext.so.6.4.0
7fabe5dc6000-7fabe5fc5000 ---p 00011000 08:01 273143                     /usr/lib/x86_64-linux-gnu/libXext.so.6.4.0
7fabe5fc5000-7fabe5fc6000 r--p 00010000 08:01 273143                     /usr/lib/x86_64-linux-gnu/libXext.so.6.4.0
7fabe5fc6000-7fabe5fc7000 rw-p 00011000 08:01 273143                     /usr/lib/x86_64-linux-gnu/libXext.so.6.4.0
7fabe5fc7000-7fabe5fc8000 rw-s cfee5000 00:06 545                        /dev/nvidia0
7fabe5fc8000-7fabe5fc9000 rw-s 29ac48000 00:06 544                       /dev/nvidiactl
7fabe5fc9000-7fabe5fca000 rw-s cfee5000 00:06 545                        /dev/nvidia0
7fabe5fca000-7fabe5fcb000 rw-s 294711000 00:06 544                       /dev/nvidiactl
7fabe5fcb000-7fabe5fcc000 rw-s cfee5000 00:06 545                        /dev/nvidia0
7fabe5fcc000-7fabe5fcd000 rw-s 299900000 00:06 544                       /dev/nvidiactl
7fabe5fcd000-7fabe5fce000 rw-s cfee5000 00:06 545                        /dev/nvidia0
7fabe5fce000-7fabe5fcf000 rw-s 404318000 00:06 544                       /dev/nvidiactl
7fabe5fcf000-7fabe5fd0000 rw-s cfee5000 00:06 545                        /dev/nvidia0
7fabe5fd0000-7fabe5fd1000 rw-s 294b31000 00:06 544                       /dev/nvidiactl
7fabe5fd1000-7fabe5fd2000 rw-s cfee5000 00:06 545                        /dev/nvidia0
7fabe5fd2000-7fabe5fd3000 rw-s 45d7d8000 00:06 544                       /dev/nvidiactl
7fabe5fd3000-7fabe5fe6000 r--s 00346000 08:01 1455851                    /usr/lib/jvm/java-8-openjdk-amd64/jre/lib/resources.jar
7fabe5fe6000-7fabe603a000 r-xp 00000000 08:01 1455840                    /usr/lib/jvm/java-8-openjdk-amd64/jre/lib/amd64/libawt_xawt.so
7fabe603a000-7fabe623a000 ---p 00054000 08:01 1455840                    /usr/lib/jvm/java-8-openjdk-amd64/jre/lib/amd64/libawt_xawt.so
7fabe623a000-7fabe623b000 r--p 00054000 08:01 1455840                    /usr/lib/jvm/java-8-openjdk-amd64/jre/lib/amd64/libawt_xawt.so
7fabe623b000-7fabe623e000 rw-p 00055000 08:01 1455840                    /usr/lib/jvm/java-8-openjdk-amd64/jre/lib/amd64/libawt_xawt.so
7fabe623e000-7fabe623f000 rw-p 00000000 00:00 0 
7fabe623f000-7fabe62df000 r-xp 00000000 08:01 1455767                    /usr/lib/jvm/java-8-openjdk-amd64/jre/lib/amd64/libawt.so
7fabe62df000-7fabe64df000 ---p 000a0000 08:01 1455767                    /usr/lib/jvm/java-8-openjdk-amd64/jre/lib/amd64/libawt.so
7fabe64df000-7fabe64e0000 r--p 000a0000 08:01 1455767                    /usr/lib/jvm/java-8-openjdk-amd64/jre/lib/amd64/libawt.so
7fabe64e0000-7fabe64eb000 rw-p 000a1000 08:01 1455767                    /usr/lib/jvm/java-8-openjdk-amd64/jre/lib/amd64/libawt.so
7fabe64eb000-7fabe6510000 rw-p 00000000 00:00 0 
7fabe6510000-7fabe6511000 ---p 00000000 00:00 0 
7fabe6511000-7fabe6611000 rw-p 00000000 00:00 0 
7fabe6611000-7fabe6614000 ---p 00000000 00:00 0 
7fabe6614000-7fabe6712000 rw-p 00000000 00:00 0 
7fabe6712000-7fabe6715000 ---p 00000000 00:00 0 
7fabe6715000-7fabe6813000 rw-p 00000000 00:00 0 
7fabe6813000-7fabe6816000 ---p 00000000 00:00 0 
7fabe6816000-7fabe6914000 rw-p 00000000 00:00 0 
7fabe6914000-7fabe6917000 ---p 00000000 00:00 0 
7fabe6917000-7fabe6a15000 rw-p 00000000 00:00 0 
7fabe6a15000-7fabe6a18000 ---p 00000000 00:00 0 
7fabe6a18000-7fabe6b16000 rw-p 00000000 00:00 0 
7fabe6b16000-7fabe6b19000 ---p 00000000 00:00 0 
7fabe6b19000-7fabe6c17000 rw-p 00000000 00:00 0 
7fabe6c17000-7fabe6eef000 r--p 00000000 08:01 285822                     /usr/lib/locale/locale-archive
7fabe6eef000-7fabe6ef2000 ---p 00000000 00:00 0 
7fabe6ef2000-7fabe6ff0000 rw-p 00000000 00:00 0 
7fabe6ff0000-7fabe6ff3000 ---p 00000000 00:00 0 
7fabe6ff3000-7fabe70f1000 rw-p 00000000 00:00 0 
7fabe70f1000-7fabe70f2000 ---p 00000000 00:00 0 
7fabe70f2000-7fabe8000000 rw-p 00000000 00:00 0 
7fabe8000000-7fabe8021000 rw-p 00000000 00:00 0 
7fabe8021000-7fabec000000 ---p 00000000 00:00 0 
7fabec000000-7fabec021000 rw-p 00000000 00:00 0 
7fabec021000-7fabf0000000 ---p 00000000 00:00 0 
7fabf0000000-7fabf0021000 rw-p 00000000 00:00 0 
7fabf0021000-7fabf4000000 ---p 00000000 00:00 0 
7fabf4000000-7fabf4001000 rw-s cfee5000 00:06 545                        /dev/nvidia0
7fabf4001000-7fabf4002000 rw-s 3f5296000 00:06 544                       /dev/nvidiactl
7fabf4002000-7fabf4003000 rw-s cfee5000 00:06 545                        /dev/nvidia0
7fabf4003000-7fabf4004000 rw-s 378cc000 00:06 544                        /dev/nvidiactl
7fabf4004000-7fabf4005000 rw-s cfee4000 00:06 545                        /dev/nvidia0
7fabf4005000-7fabf4006000 rw-s 2f7b62000 00:06 544                       /dev/nvidiactl
7fabf4006000-7fabf4007000 rw-s cfee4000 00:06 545                        /dev/nvidia0
7fabf4007000-7fabf4008000 rw-s 302609000 00:06 544                       /dev/nvidiactl
7fabf4008000-7fabf4023000 r--s 001d6000 08:01 1448230                    /usr/lib/jvm/java-8-openjdk-amd64/jre/lib/ext/nashorn.jar
7fabf4023000-7fabf403e000 r--s 00394000 08:01 1448229                    /usr/lib/jvm/java-8-openjdk-amd64/jre/lib/ext/cldrdata.jar
7fabf403e000-7fabf4e32000 rw-p 00000000 00:00 0 
7fabf4e32000-7fabf5000000 r--s 03c13000 08:01 1448227                    /usr/lib/jvm/java-8-openjdk-amd64/jre/lib/rt.jar
7fabf5000000-7fabf52e0000 rwxp 00000000 00:00 0 
7fabf52e0000-7fac04000000 ---p 00000000 00:00 0 
7fac04000000-7fac04dc3000 rw-p 00000000 00:00 0 
7fac04dc3000-7fac08000000 ---p 00000000 00:00 0 
7fac08000000-7fac08001000 rw-s cfee4000 00:06 545                        /dev/nvidia0
7fac08001000-7fac08002000 rw-s 3f4cf2000 00:06 544                       /dev/nvidiactl
7fac08002000-7fac08003000 rw-s cfee4000 00:06 545                        /dev/nvidia0
7fac08003000-7fac08004000 rw-s 6fbba000 00:06 544                        /dev/nvidiactl
7fac08004000-7fac08005000 rw-s cfee4000 00:06 545                        /dev/nvidia0
7fac08005000-7fac08006000 rw-s 4049ba000 00:06 544                       /dev/nvidiactl
7fac08006000-7fac08010000 r--s 00116000 08:01 1448231                    /usr/lib/jvm/java-8-openjdk-amd64/jre/lib/ext/localedata.jar
7fac08010000-7fac090e5000 rw-p 00000000 00:00 0 
7fac090e5000-7fac090e6000 ---p 00000000 00:00 0 
7fac090e6000-7fac091e6000 rw-p 00000000 00:00 0 
7fac091e6000-7fac091e7000 ---p 00000000 00:00 0 
7fac091e7000-7fac092e7000 rw-p 00000000 00:00 0 
7fac092e7000-7fac092e8000 ---p 00000000 00:00 0 
7fac092e8000-7fac093e8000 rw-p 00000000 00:00 0 
7fac093e8000-7fac093e9000 ---p 00000000 00:00 0 
7fac093e9000-7fac094e9000 rw-p 00000000 00:00 0 
7fac094e9000-7fac094ea000 ---p 00000000 00:00 0 
7fac094ea000-7fac095ea000 rw-p 00000000 00:00 0 
7fac095ea000-7fac095eb000 ---p 00000000 00:00 0 
7fac095eb000-7fac096eb000 rw-p 00000000 00:00 0 
7fac096eb000-7fac096ec000 ---p 00000000 00:00 0 
7fac096ec000-7fac097ec000 rw-p 00000000 00:00 0 
7fac097ec000-7fac097ed000 ---p 00000000 00:00 0 
7fac097ed000-7fac09941000 rw-p 00000000 00:00 0 
7fac09941000-7fac09e22000 ---p 00000000 00:00 0 
7fac09e22000-7fac09e76000 rw-p 00000000 00:00 0 
7fac09e76000-7fac0a356000 ---p 00000000 00:00 0 
7fac0a356000-7fac0a381000 rw-p 00000000 00:00 0 
7fac0a381000-7fac0a5f1000 ---p 00000000 00:00 0 
7fac0a5f1000-7fac0a5fe000 rw-p 00000000 00:00 0 
7fac0a5fe000-7fac0a9b2000 ---p 00000000 00:00 0 
7fac0a9b2000-7fac0a9ba000 r-xp 00000000 08:01 1448251                    /usr/lib/jvm/java-8-openjdk-amd64/jre/lib/amd64/libzip.so
7fac0a9ba000-7fac0abb9000 ---p 00008000 08:01 1448251                    /usr/lib/jvm/java-8-openjdk-amd64/jre/lib/amd64/libzip.so
7fac0abb9000-7fac0abba000 r--p 00007000 08:01 1448251                    /usr/lib/jvm/java-8-openjdk-amd64/jre/lib/amd64/libzip.so
7fac0abba000-7fac0abbb000 rw-p 00008000 08:01 1448251                    /usr/lib/jvm/java-8-openjdk-amd64/jre/lib/amd64/libzip.so
7fac0abbb000-7fac0abd1000 r-xp 00000000 08:01 924242                     /lib/x86_64-linux-gnu/libnsl-2.23.so
7fac0abd1000-7fac0add0000 ---p 00016000 08:01 924242                     /lib/x86_64-linux-gnu/libnsl-2.23.so
7fac0add0000-7fac0add1000 r--p 00015000 08:01 924242                     /lib/x86_64-linux-gnu/libnsl-2.23.so
7fac0add1000-7fac0add2000 rw-p 00016000 08:01 924242                     /lib/x86_64-linux-gnu/libnsl-2.23.so
7fac0add2000-7fac0add4000 rw-p 00000000 00:00 0 
7fac0add4000-7fac0adeb000 r-xp 00000000 08:01 964164                     /lib/x86_64-linux-gnu/libresolv-2.23.so
7fac0adeb000-7fac0afeb000 ---p 00017000 08:01 964164                     /lib/x86_64-linux-gnu/libresolv-2.23.so
7fac0afeb000-7fac0afec000 r--p 00017000 08:01 964164                     /lib/x86_64-linux-gnu/libresolv-2.23.so
7fac0afec000-7fac0afed000 rw-p 00018000 08:01 964164                     /lib/x86_64-linux-gnu/libresolv-2.23.so
7fac0afed000-7fac0afef000 rw-p 00000000 00:00 0 
7fac0afef000-7fac0b021000 r-xp 00000000 08:01 922666                     /lib/libnss_centrifydc.so.2
7fac0b021000-7fac0b221000 ---p 00032000 08:01 922666                     /lib/libnss_centrifydc.so.2
7fac0b221000-7fac0b223000 rw-p 00032000 08:01 922666                     /lib/libnss_centrifydc.so.2
7fac0b223000-7fac0b250000 r-xp 00000000 08:01 1455839                    /usr/lib/jvm/java-8-openjdk-amd64/jre/lib/amd64/libjava.so
7fac0b250000-7fac0b44f000 ---p 0002d000 08:01 1455839                    /usr/lib/jvm/java-8-openjdk-amd64/jre/lib/amd64/libjava.so
7fac0b44f000-7fac0b450000 r--p 0002c000 08:01 1455839                    /usr/lib/jvm/java-8-openjdk-amd64/jre/lib/amd64/libjava.so
7fac0b450000-7fac0b452000 rw-p 0002d000 08:01 1455839                    /usr/lib/jvm/java-8-openjdk-amd64/jre/lib/amd64/libjava.so
7fac0b452000-7fac0b461000 r-xp 00000000 08:01 1448245                    /usr/lib/jvm/java-8-openjdk-amd64/jre/lib/amd64/libverify.so
7fac0b461000-7fac0b660000 ---p 0000f000 08:01 1448245                    /usr/lib/jvm/java-8-openjdk-amd64/jre/lib/amd64/libverify.so
7fac0b660000-7fac0b662000 r--p 0000e000 08:01 1448245                    /usr/lib/jvm/java-8-openjdk-amd64/jre/lib/amd64/libverify.so
7fac0b662000-7fac0b663000 rw-p 00010000 08:01 1448245                    /usr/lib/jvm/java-8-openjdk-amd64/jre/lib/amd64/libverify.so
7fac0b663000-7fac0b66a000 r-xp 00000000 08:01 956951                     /lib/x86_64-linux-gnu/librt-2.23.so
7fac0b66a000-7fac0b869000 ---p 00007000 08:01 956951                     /lib/x86_64-linux-gnu/librt-2.23.so
7fac0b869000-7fac0b86a000 r--p 00006000 08:01 956951                     /lib/x86_64-linux-gnu/librt-2.23.so
7fac0b86a000-7fac0b86b000 rw-p 00007000 08:01 956951                     /lib/x86_64-linux-gnu/librt-2.23.so
7fac0b86b000-7fac0b881000 r-xp 00000000 08:01 922704                     /lib/x86_64-linux-gnu/libgcc_s.so.1
7fac0b881000-7fac0ba80000 ---p 00016000 08:01 922704                     /lib/x86_64-linux-gnu/libgcc_s.so.1
7fac0ba80000-7fac0ba81000 rw-p 00015000 08:01 922704                     /lib/x86_64-linux-gnu/libgcc_s.so.1
7fac0ba81000-7fac0bb89000 r-xp 00000000 08:01 964167                     /lib/x86_64-linux-gnu/libm-2.23.so
7fac0bb89000-7fac0bd88000 ---p 00108000 08:01 964167                     /lib/x86_64-linux-gnu/libm-2.23.so
7fac0bd88000-7fac0bd89000 r--p 00107000 08:01 964167                     /lib/x86_64-linux-gnu/libm-2.23.so
7fac0bd89000-7fac0bd8a000 rw-p 00108000 08:01 964167                     /lib/x86_64-linux-gnu/libm-2.23.so
7fac0bd8a000-7fac0befc000 r-xp 00000000 08:01 265657                     /usr/lib/x86_64-linux-gnu/libstdc++.so.6.0.21
7fac0befc000-7fac0c0fc000 ---p 00172000 08:01 265657                     /usr/lib/x86_64-linux-gnu/libstdc++.so.6.0.21
7fac0c0fc000-7fac0c106000 r--p 00172000 08:01 265657                     /usr/lib/x86_64-linux-gnu/libstdc++.so.6.0.21
7fac0c106000-7fac0c108000 rw-p 0017c000 08:01 265657                     /usr/lib/x86_64-linux-gnu/libstdc++.so.6.0.21
7fac0c108000-7fac0c10c000 rw-p 00000000 00:00 0 
7fac0c10c000-7fac0cd60000 r-xp 00000000 08:01 1448250                    /usr/lib/jvm/java-8-openjdk-amd64/jre/lib/amd64/server/libjvm.so
7fac0cd60000-7fac0cf60000 ---p 00c54000 08:01 1448250                    /usr/lib/jvm/java-8-openjdk-amd64/jre/lib/amd64/server/libjvm.so
7fac0cf60000-7fac0cff3000 r--p 00c54000 08:01 1448250                    /usr/lib/jvm/java-8-openjdk-amd64/jre/lib/amd64/server/libjvm.so
7fac0cff3000-7fac0d01c000 rw-p 00ce7000 08:01 1448250                    /usr/lib/jvm/java-8-openjdk-amd64/jre/lib/amd64/server/libjvm.so
7fac0d01c000-7fac0d04c000 rw-p 00000000 00:00 0 
7fac0d04c000-7fac0d064000 r-xp 00000000 08:01 924248                     /lib/x86_64-linux-gnu/libpthread-2.23.so
7fac0d064000-7fac0d263000 ---p 00018000 08:01 924248                     /lib/x86_64-linux-gnu/libpthread-2.23.so
7fac0d263000-7fac0d264000 r--p 00017000 08:01 924248                     /lib/x86_64-linux-gnu/libpthread-2.23.so
7fac0d264000-7fac0d265000 rw-p 00018000 08:01 924248                     /lib/x86_64-linux-gnu/libpthread-2.23.so
7fac0d265000-7fac0d269000 rw-p 00000000 00:00 0 
7fac0d269000-7fac0d26c000 r-xp 00000000 08:01 961196                     /lib/x86_64-linux-gnu/libdl-2.23.so
7fac0d26c000-7fac0d46b000 ---p 00003000 08:01 961196                     /lib/x86_64-linux-gnu/libdl-2.23.so
7fac0d46b000-7fac0d46c000 r--p 00002000 08:01 961196                     /lib/x86_64-linux-gnu/libdl-2.23.so
7fac0d46c000-7fac0d46d000 rw-p 00003000 08:01 961196                     /lib/x86_64-linux-gnu/libdl-2.23.so
7fac0d46d000-7fac0d486000 r-xp 00000000 08:01 922621                     /lib/x86_64-linux-gnu/libz.so.1.2.8
7fac0d486000-7fac0d685000 ---p 00019000 08:01 922621                     /lib/x86_64-linux-gnu/libz.so.1.2.8
7fac0d685000-7fac0d686000 r--p 00018000 08:01 922621                     /lib/x86_64-linux-gnu/libz.so.1.2.8
7fac0d686000-7fac0d687000 rw-p 00019000 08:01 922621                     /lib/x86_64-linux-gnu/libz.so.1.2.8
7fac0d687000-7fac0d847000 r-xp 00000000 08:01 964172                     /lib/x86_64-linux-gnu/libc-2.23.so
7fac0d847000-7fac0da47000 ---p 001c0000 08:01 964172                     /lib/x86_64-linux-gnu/libc-2.23.so
7fac0da47000-7fac0da4b000 r--p 001c0000 08:01 964172                     /lib/x86_64-linux-gnu/libc-2.23.so
7fac0da4b000-7fac0da4d000 rw-p 001c4000 08:01 964172                     /lib/x86_64-linux-gnu/libc-2.23.so
7fac0da4d000-7fac0da51000 rw-p 00000000 00:00 0 
7fac0da51000-7fac0da5e000 r-xp 00000000 08:01 1448243                    /usr/lib/jvm/java-8-openjdk-amd64/jre/lib/amd64/jli/libjli.so
7fac0da5e000-7fac0dc5e000 ---p 0000d000 08:01 1448243                    /usr/lib/jvm/java-8-openjdk-amd64/jre/lib/amd64/jli/libjli.so
7fac0dc5e000-7fac0dc5f000 r--p 0000d000 08:01 1448243                    /usr/lib/jvm/java-8-openjdk-amd64/jre/lib/amd64/jli/libjli.so
7fac0dc5f000-7fac0dc60000 rw-p 0000e000 08:01 1448243                    /usr/lib/jvm/java-8-openjdk-amd64/jre/lib/amd64/jli/libjli.so
7fac0dc60000-7fac0dc86000 r-xp 00000000 08:01 924243                     /lib/x86_64-linux-gnu/ld-2.23.so
7fac0dc86000-7fac0dc87000 rw-s cfee4000 00:06 545                        /dev/nvidia0
7fac0dc87000-7fac0dc88000 rw-s 404048000 00:06 544                       /dev/nvidiactl
7fac0dc88000-7fac0dc89000 rw-s cfee4000 00:06 545                        /dev/nvidia0
7fac0dc89000-7fac0dc8a000 rw-s 299389000 00:06 544                       /dev/nvidiactl
7fac0dc8a000-7fac0dc8b000 rw-s cfee4000 00:06 545                        /dev/nvidia0
7fac0dc8b000-7fac0dc8c000 rw-s 81c9d000 00:06 544                        /dev/nvidiactl
7fac0dc8c000-7fac0dd5e000 rw-p 00000000 00:00 0 
7fac0dd5e000-7fac0dd61000 ---p 00000000 00:00 0 
7fac0dd61000-7fac0de64000 rw-p 00000000 00:00 0 
7fac0de64000-7fac0de67000 r--s 000bf000 08:01 1717388                    /opt/jocl/JOCL-0.1.9.jar
7fac0de67000-7fac0de69000 r--s 00008000 08:01 1448237                    /usr/lib/jvm/java-8-openjdk-amd64/jre/lib/ext/sunec.jar
7fac0de69000-7fac0de6a000 r--s 0000a000 08:01 1448234                    /usr/lib/jvm/java-8-openjdk-amd64/jre/lib/ext/jaccess.jar
7fac0de6a000-7fac0de6d000 r--s 0000f000 08:01 1448236                    /usr/lib/jvm/java-8-openjdk-amd64/jre/lib/ext/icedtea-sound.jar
7fac0de6d000-7fac0de72000 r--s 0003b000 08:01 1448235                    /usr/lib/jvm/java-8-openjdk-amd64/jre/lib/ext/sunjce_provider.jar
7fac0de72000-7fac0de76000 r--s 00037000 08:01 1448232                    /usr/lib/jvm/java-8-openjdk-amd64/jre/lib/ext/sunpkcs11.jar
7fac0de76000-7fac0de77000 r--s 00010000 08:01 1448238                    /usr/lib/jvm/java-8-openjdk-amd64/jre/lib/ext/zipfs.jar
7fac0de77000-7fac0de79000 r--s 00001000 08:01 1448233                    /usr/lib/jvm/java-8-openjdk-amd64/jre/lib/ext/dnsns.jar
7fac0de79000-7fac0de81000 rw-s 00000000 08:01 409778                     /tmp/hsperfdata_seanmaloney/3938
7fac0de81000-7fac0de82000 rw-p 00000000 00:00 0 
7fac0de82000-7fac0de83000 r--p 00000000 00:00 0 
7fac0de83000-7fac0de85000 rw-p 00000000 00:00 0 
7fac0de85000-7fac0de86000 r--p 00025000 08:01 924243                     /lib/x86_64-linux-gnu/ld-2.23.so
7fac0de86000-7fac0de87000 rw-p 00026000 08:01 924243                     /lib/x86_64-linux-gnu/ld-2.23.so
7fac0de87000-7fac0de88000 rw-p 00000000 00:00 0 
7ffe77979000-7ffe7799a000 rw-p 00000000 00:00 0                          [stack]
7ffe779e5000-7ffe779e7000 r--p 00000000 00:00 0                          [vvar]
7ffe779e7000-7ffe779e9000 r-xp 00000000 00:00 0                          [vdso]
ffffffffff600000-ffffffffff601000 r-xp 00000000 00:00 0                  [vsyscall]

VM Arguments:
jvm_args: -Dfile.encoding=UTF-8 
java_command: ohCrop.gui.EditorGUI
java_class_path (initial): /home/seanmaloney/git/CS380-F17-MaloneySean/Image Editor/bin:/opt/jocl/JOCL-0.1.9.jar
Launcher Type: SUN_STANDARD

Environment Variables:
PATH=/home/seanmaloney/bin:/home/seanmaloney/.local/bin:/usr/local/sbin:/usr/local/bin:/usr/sbin:/usr/bin:/sbin:/bin:/usr/games:/usr/local/games:/snap/bin
SHELL=/bin/bash
DISPLAY=:0

Signal Handlers:
SIGSEGV: [libjvm.so+0xa6ad10], sa_mask[0]=11111111011111111101111111111110, sa_flags=SA_RESTART|SA_SIGINFO
SIGBUS: [libjvm.so+0xa6ad10], sa_mask[0]=11111111011111111101111111111110, sa_flags=SA_RESTART|SA_SIGINFO
SIGFPE: [libjvm.so+0x8b3bc0], sa_mask[0]=11111111011111111101111111111110, sa_flags=SA_RESTART|SA_SIGINFO
SIGPIPE: [libjvm.so+0x8b3bc0], sa_mask[0]=11111111011111111101111111111110, sa_flags=SA_RESTART|SA_SIGINFO
SIGXFSZ: [libjvm.so+0x8b3bc0], sa_mask[0]=11111111011111111101111111111110, sa_flags=SA_RESTART|SA_SIGINFO
SIGILL: [libjvm.so+0x8b3bc0], sa_mask[0]=11111111011111111101111111111110, sa_flags=SA_RESTART|SA_SIGINFO
SIGUSR1: SIG_DFL, sa_mask[0]=00000000000000000000000000000000, sa_flags=none
SIGUSR2: [libjvm.so+0x8b3a70], sa_mask[0]=00100000000000000000000000000000, sa_flags=SA_RESTART|SA_SIGINFO
SIGHUP: [libjvm.so+0x8b3f40], sa_mask[0]=11111111011111111101111111111110, sa_flags=SA_RESTART|SA_SIGINFO
SIGINT: [libjvm.so+0x8b3f40], sa_mask[0]=11111111011111111101111111111110, sa_flags=SA_RESTART|SA_SIGINFO
SIGTERM: [libjvm.so+0x8b3f40], sa_mask[0]=11111111011111111101111111111110, sa_flags=SA_RESTART|SA_SIGINFO
SIGQUIT: [libjvm.so+0x8b3f40], sa_mask[0]=11111111011111111101111111111110, sa_flags=SA_RESTART|SA_SIGINFO


---------------  S Y S T E M  ---------------

OS:DISTRIB_ID=Ubuntu
DISTRIB_RELEASE=16.04
DISTRIB_CODENAME=xenial
DISTRIB_DESCRIPTION="Ubuntu 16.04.3 LTS"

uname:Linux 4.4.0-93-generic #116-Ubuntu SMP Fri Aug 11 21:17:51 UTC 2017 x86_64
libc:glibc 2.23 NPTL 2.23 
rlimit: STACK 8192k, CORE 0k, NPROC 63759, NOFILE 1048576, AS infinity
load average:0.76 0.68 0.49

/proc/meminfo:
MemTotal:       16369796 kB
MemFree:         8920916 kB
MemAvailable:   11474592 kB
Buffers:          328404 kB
Cached:          2454404 kB
SwapCached:            0 kB
Active:          5830364 kB
Inactive:        1026056 kB
Active(anon):    4076232 kB
Inactive(anon):    96628 kB
Active(file):    1754132 kB
Inactive(file):   929428 kB
Unevictable:          32 kB
Mlocked:              32 kB
SwapTotal:       1046524 kB
SwapFree:        1046524 kB
Dirty:               276 kB
Writeback:             0 kB
AnonPages:       4073912 kB
Mapped:           587900 kB
Shmem:             99252 kB
Slab:             263920 kB
SReclaimable:     211864 kB
SUnreclaim:        52056 kB
KernelStack:       16336 kB
PageTables:        45956 kB
NFS_Unstable:          0 kB
Bounce:                0 kB
WritebackTmp:          0 kB
CommitLimit:     9231420 kB
Committed_AS:   12204476 kB
VmallocTotal:   34359738367 kB
VmallocUsed:           0 kB
VmallocChunk:          0 kB
HardwareCorrupted:     0 kB
AnonHugePages:   2865152 kB
CmaTotal:              0 kB
CmaFree:               0 kB
HugePages_Total:       0
HugePages_Free:        0
HugePages_Rsvd:        0
HugePages_Surp:        0
Hugepagesize:       2048 kB
DirectMap4k:      550120 kB
DirectMap2M:     7776256 kB
DirectMap1G:     8388608 kB


CPU:total 8 (initial active 8) (4 cores per cpu, 2 threads per core) family 6 model 94 stepping 3, cmov, cx8, fxsr, mmx, sse, sse2, sse3, ssse3, sse4.1, sse4.2, popcnt, avx, avx2, aes, clmul, erms, rtm, 3dnowpref, lzcnt, ht, tsc, tscinvbit, bmi1, bmi2, adx

/proc/cpuinfo:
processor	: 0
vendor_id	: GenuineIntel
cpu family	: 6
model		: 94
model name	: Intel(R) Core(TM) i7-6700 CPU @ 3.40GHz
stepping	: 3
microcode	: 0xba
cpu MHz		: 799.929
cache size	: 8192 KB
physical id	: 0
siblings	: 8
core id		: 0
cpu cores	: 4
apicid		: 0
initial apicid	: 0
fpu		: yes
fpu_exception	: yes
cpuid level	: 22
wp		: yes
flags		: fpu vme de pse tsc msr pae mce cx8 apic sep mtrr pge mca cmov pat pse36 clflush dts acpi mmx fxsr sse sse2 ss ht tm pbe syscall nx pdpe1gb rdtscp lm constant_tsc art arch_perfmon pebs bts rep_good nopl xtopology nonstop_tsc aperfmperf eagerfpu pni pclmulqdq dtes64 monitor ds_cpl vmx smx est tm2 ssse3 sdbg fma cx16 xtpr pdcm pcid sse4_1 sse4_2 x2apic movbe popcnt tsc_deadline_timer aes xsave avx f16c rdrand lahf_lm abm 3dnowprefetch epb intel_pt tpr_shadow vnmi flexpriority ept vpid fsgsbase tsc_adjust bmi1 hle avx2 smep bmi2 erms invpcid rtm mpx rdseed adx smap clflushopt xsaveopt xsavec xgetbv1 dtherm ida arat pln pts hwp hwp_notify hwp_act_window hwp_epp
bugs		:
bogomips	: 6815.99
clflush size	: 64
cache_alignment	: 64
address sizes	: 39 bits physical, 48 bits virtual
power management:

processor	: 1
vendor_id	: GenuineIntel
cpu family	: 6
model		: 94
model name	: Intel(R) Core(TM) i7-6700 CPU @ 3.40GHz
stepping	: 3
microcode	: 0xba
cpu MHz		: 799.929
cache size	: 8192 KB
physical id	: 0
siblings	: 8
core id		: 1
cpu cores	: 4
apicid		: 2
initial apicid	: 2
fpu		: yes
fpu_exception	: yes
cpuid level	: 22
wp		: yes
flags		: fpu vme de pse tsc msr pae mce cx8 apic sep mtrr pge mca cmov pat pse36 clflush dts acpi mmx fxsr sse sse2 ss ht tm pbe syscall nx pdpe1gb rdtscp lm constant_tsc art arch_perfmon pebs bts rep_good nopl xtopology nonstop_tsc aperfmperf eagerfpu pni pclmulqdq dtes64 monitor ds_cpl vmx smx est tm2 ssse3 sdbg fma cx16 xtpr pdcm pcid sse4_1 sse4_2 x2apic movbe popcnt tsc_deadline_timer aes xsave avx f16c rdrand lahf_lm abm 3dnowprefetch epb intel_pt tpr_shadow vnmi flexpriority ept vpid fsgsbase tsc_adjust bmi1 hle avx2 smep bmi2 erms invpcid rtm mpx rdseed adx smap clflushopt xsaveopt xsavec xgetbv1 dtherm ida arat pln pts hwp hwp_notify hwp_act_window hwp_epp
bugs		:
bogomips	: 6815.99
clflush size	: 64
cache_alignment	: 64
address sizes	: 39 bits physical, 48 bits virtual
power management:

processor	: 2
vendor_id	: GenuineIntel
cpu family	: 6
model		: 94
model name	: Intel(R) Core(TM) i7-6700 CPU @ 3.40GHz
stepping	: 3
microcode	: 0xba
cpu MHz		: 799.929
cache size	: 8192 KB
physical id	: 0
siblings	: 8
core id		: 2
cpu cores	: 4
apicid		: 4
initial apicid	: 4
fpu		: yes
fpu_exception	: yes
cpuid level	: 22
wp		: yes
flags		: fpu vme de pse tsc msr pae mce cx8 apic sep mtrr pge mca cmov pat pse36 clflush dts acpi mmx fxsr sse sse2 ss ht tm pbe syscall nx pdpe1gb rdtscp lm constant_tsc art arch_perfmon pebs bts rep_good nopl xtopology nonstop_tsc aperfmperf eagerfpu pni pclmulqdq dtes64 monitor ds_cpl vmx smx est tm2 ssse3 sdbg fma cx16 xtpr pdcm pcid sse4_1 sse4_2 x2apic movbe popcnt tsc_deadline_timer aes xsave avx f16c rdrand lahf_lm abm 3dnowprefetch epb intel_pt tpr_shadow vnmi flexpriority ept vpid fsgsbase tsc_adjust bmi1 hle avx2 smep bmi2 erms invpcid rtm mpx rdseed adx smap clflushopt xsaveopt xsavec xgetbv1 dtherm ida arat pln pts hwp hwp_notify hwp_act_window hwp_epp
bugs		:
bogomips	: 6815.99
clflush size	: 64
cache_alignment	: 64
address sizes	: 39 bits physical, 48 bits virtual
power management:

processor	: 3
vendor_id	: GenuineIntel
cpu family	: 6
model		: 94
model name	: Intel(R) Core(TM) i7-6700 CPU @ 3.40GHz
stepping	: 3
microcode	: 0xba
cpu MHz		: 799.929
cache size	: 8192 KB
physical id	: 0
siblings	: 8
core id		: 3
cpu cores	: 4
apicid		: 6
initial apicid	: 6
fpu		: yes
fpu_exception	: yes
cpuid level	: 22
wp		: yes
flags		: fpu vme de pse tsc msr pae mce cx8 apic sep mtrr pge mca cmov pat pse36 clflush dts acpi mmx fxsr sse sse2 ss ht tm pbe syscall nx pdpe1gb rdtscp lm constant_tsc art arch_perfmon pebs bts rep_good nopl xtopology nonstop_tsc aperfmperf eagerfpu pni pclmulqdq dtes64 monitor ds_cpl vmx smx est tm2 ssse3 sdbg fma cx16 xtpr pdcm pcid sse4_1 sse4_2 x2apic movbe popcnt tsc_deadline_timer aes xsave avx f16c rdrand lahf_lm abm 3dnowprefetch epb intel_pt tpr_shadow vnmi flexpriority ept vpid fsgsbase tsc_adjust bmi1 hle avx2 smep bmi2 erms invpcid rtm mpx rdseed adx smap clflushopt xsaveopt xsavec xgetbv1 dtherm ida arat pln pts hwp hwp_notify hwp_act_window hwp_epp
bugs		:
bogomips	: 6815.99
clflush size	: 64
cache_alignment	: 64
address sizes	: 39 bits physical, 48 bits virtual
power management:

processor	: 4
vendor_id	: GenuineIntel
cpu family	: 6
model		: 94
model name	: Intel(R) Core(TM) i7-6700 CPU @ 3.40GHz
stepping	: 3
microcode	: 0xba
cpu MHz		: 799.929
cache size	: 8192 KB
physical id	: 0
siblings	: 8
core id		: 0
cpu cores	: 4
apicid		: 1
initial apicid	: 1
fpu		: yes
fpu_exception	: yes
cpuid level	: 22
wp		: yes
flags		: fpu vme de pse tsc msr pae mce cx8 apic sep mtrr pge mca cmov pat pse36 clflush dts acpi mmx fxsr sse sse2 ss ht tm pbe syscall nx pdpe1gb rdtscp lm constant_tsc art arch_perfmon pebs bts rep_good nopl xtopology nonstop_tsc aperfmperf eagerfpu pni pclmulqdq dtes64 monitor ds_cpl vmx smx est tm2 ssse3 sdbg fma cx16 xtpr pdcm pcid sse4_1 sse4_2 x2apic movbe popcnt tsc_deadline_timer aes xsave avx f16c rdrand lahf_lm abm 3dnowprefetch epb intel_pt tpr_shadow vnmi flexpriority ept vpid fsgsbase tsc_adjust bmi1 hle avx2 smep bmi2 erms invpcid rtm mpx rdseed adx smap clflushopt xsaveopt xsavec xgetbv1 dtherm ida arat pln pts hwp hwp_notify hwp_act_window hwp_epp
bugs		:
bogomips	: 6815.99
clflush size	: 64
cache_alignment	: 64
address sizes	: 39 bits physical, 48 bits virtual
power management:

processor	: 5
vendor_id	: GenuineIntel
cpu family	: 6
model		: 94
model name	: Intel(R) Core(TM) i7-6700 CPU @ 3.40GHz
stepping	: 3
microcode	: 0xba
cpu MHz		: 800.062
cache size	: 8192 KB
physical id	: 0
siblings	: 8
core id		: 1
cpu cores	: 4
apicid		: 3
initial apicid	: 3
fpu		: yes
fpu_exception	: yes
cpuid level	: 22
wp		: yes
flags		: fpu vme de pse tsc msr pae mce cx8 apic sep mtrr pge mca cmov pat pse36 clflush dts acpi mmx fxsr sse sse2 ss ht tm pbe syscall nx pdpe1gb rdtscp lm constant_tsc art arch_perfmon pebs bts rep_good nopl xtopology nonstop_tsc aperfmperf eagerfpu pni pclmulqdq dtes64 monitor ds_cpl vmx smx est tm2 ssse3 sdbg fma cx16 xtpr pdcm pcid sse4_1 sse4_2 x2apic movbe popcnt tsc_deadline_timer aes xsave avx f16c rdrand lahf_lm abm 3dnowprefetch epb intel_pt tpr_shadow vnmi flexpriority ept vpid fsgsbase tsc_adjust bmi1 hle avx2 smep bmi2 erms invpcid rtm mpx rdseed adx smap clflushopt xsaveopt xsavec xgetbv1 dtherm ida arat pln pts hwp hwp_notify hwp_act_window hwp_epp
bugs		:
bogomips	: 6815.99
clflush size	: 64
cache_alignment	: 64
address sizes	: 39 bits physical, 48 bits virtual
power management:

processor	: 6
vendor_id	: GenuineIntel
cpu family	: 6
model		: 94
model name	: Intel(R) Core(TM) i7-6700 CPU @ 3.40GHz
stepping	: 3
microcode	: 0xba
cpu MHz		: 799.929
cache size	: 8192 KB
physical id	: 0
siblings	: 8
core id		: 2
cpu cores	: 4
apicid		: 5
initial apicid	: 5
fpu		: yes
fpu_exception	: yes
cpuid level	: 22
wp		: yes
flags		: fpu vme de pse tsc msr pae mce cx8 apic sep mtrr pge mca cmov pat pse36 clflush dts acpi mmx fxsr sse sse2 ss ht tm pbe syscall nx pdpe1gb rdtscp lm constant_tsc art arch_perfmon pebs bts rep_good nopl xtopology nonstop_tsc aperfmperf eagerfpu pni pclmulqdq dtes64 monitor ds_cpl vmx smx est tm2 ssse3 sdbg fma cx16 xtpr pdcm pcid sse4_1 sse4_2 x2apic movbe popcnt tsc_deadline_timer aes xsave avx f16c rdrand lahf_lm abm 3dnowprefetch epb intel_pt tpr_shadow vnmi flexpriority ept vpid fsgsbase tsc_adjust bmi1 hle avx2 smep bmi2 erms invpcid rtm mpx rdseed adx smap clflushopt xsaveopt xsavec xgetbv1 dtherm ida arat pln pts hwp hwp_notify hwp_act_window hwp_epp
bugs		:
bogomips	: 6815.99
clflush size	: 64
cache_alignment	: 64
address sizes	: 39 bits physical, 48 bits virtual
power management:

processor	: 7
vendor_id	: GenuineIntel
cpu family	: 6
model		: 94
model name	: Intel(R) Core(TM) i7-6700 CPU @ 3.40GHz
stepping	: 3
microcode	: 0xba
cpu MHz		: 877.093
cache size	: 8192 KB
physical id	: 0
siblings	: 8
core id		: 3
cpu cores	: 4
apicid		: 7
initial apicid	: 7
fpu		: yes
fpu_exception	: yes
cpuid level	: 22
wp		: yes
flags		: fpu vme de pse tsc msr pae mce cx8 apic sep mtrr pge mca cmov pat pse36 clflush dts acpi mmx fxsr sse sse2 ss ht tm pbe syscall nx pdpe1gb rdtscp lm constant_tsc art arch_perfmon pebs bts rep_good nopl xtopology nonstop_tsc aperfmperf eagerfpu pni pclmulqdq dtes64 monitor ds_cpl vmx smx est tm2 ssse3 sdbg fma cx16 xtpr pdcm pcid sse4_1 sse4_2 x2apic movbe popcnt tsc_deadline_timer aes xsave avx f16c rdrand lahf_lm abm 3dnowprefetch epb intel_pt tpr_shadow vnmi flexpriority ept vpid fsgsbase tsc_adjust bmi1 hle avx2 smep bmi2 erms invpcid rtm mpx rdseed adx smap clflushopt xsaveopt xsavec xgetbv1 dtherm ida arat pln pts hwp hwp_notify hwp_act_window hwp_epp
bugs		:
bogomips	: 6815.99
clflush size	: 64
cache_alignment	: 64
address sizes	: 39 bits physical, 48 bits virtual
power management:



Memory: 4k page, physical 16369796k(8920916k free), swap 1046524k(1046524k free)

vm_info: OpenJDK 64-Bit Server VM (25.131-b11) for linux-amd64 JRE (1.8.0_131-8u131-b11-2ubuntu1.16.04.3-b11), built on Jul 28 2017 01:23:32 by "buildd" with gcc 5.4.0 20160609

time: Wed Sep 13 21:54:28 2017
elapsed time: 4 seconds (0d 0h 0m 4s)

